<?xml version="1.0" encoding="UTF-8"?>
<!-- Generated by org.testng.reporters.JUnitReportReporter -->
<testsuite hostname="kishore" failures="0" tests="34" name="tests.GUIAutomationTest" time="46.129" errors="0" timestamp="2026-06-15T11:28:03 IST" skipped="0">
  <testcase classname="tests.GUIAutomationTest" name="testTextFields" time="1.029"/>
  <testcase classname="tests.GUIAutomationTest" name="testTextFields" time="1.250"/>
  <testcase classname="tests.GUIAutomationTest" name="testTextFields" time="0.973"/>
  <testcase classname="tests.GUIAutomationTest" name="testRadioButton" time="0.183"/>
  <testcase classname="tests.GUIAutomationTest" name="testCheckboxes" time="1.871"/>
  <testcase classname="tests.GUIAutomationTest" name="testCountryDropdown" time="0.301"/>
  <testcase classname="tests.GUIAutomationTest" name="testColorsDropdown" time="0.422"/>
  <testcase classname="tests.GUIAutomationTest" name="testSortedListDropdown" time="0.396"/>
  <testcase classname="tests.GUIAutomationTest" name="testScrollingDropdownBoundaries" time="2.201"/>
  <testcase classname="tests.GUIAutomationTest" name="testDatePicker1" time="1.032"/>
  <testcase classname="tests.GUIAutomationTest" name="testDatePicker2" time="0.081"/>
  <testcase classname="tests.GUIAutomationTest" name="testDateRangePicker" time="1.103"/>
  <testcase classname="tests.GUIAutomationTest" name="testSingleFileUpload" time="0.096"/>
  <testcase classname="tests.GUIAutomationTest" name="testMultipleFileUpload" time="0.074"/>
  <testcase classname="tests.GUIAutomationTest" name="testWikipediaSearch" time="5.017"/>
  <testcase classname="tests.GUIAutomationTest" name="testDynamicButton" time="0.215"/>
  <testcase classname="tests.GUIAutomationTest" name="testSlider" time="0.622"/>
  <testcase classname="tests.GUIAutomationTest" name="testSimpleAlert" time="0.184"/>
  <testcase classname="tests.GUIAutomationTest" name="testConfirmAlert" time="0.272"/>
  <testcase classname="tests.GUIAutomationTest" name="testPromptAlert" time="0.223"/>
  <testcase classname="tests.GUIAutomationTest" name="testNewTab" time="2.640"/>
  <testcase classname="tests.GUIAutomationTest" name="testPopupWindow" time="1.594"/>
  <testcase classname="tests.GUIAutomationTest" name="testMouseHover" time="0.252"/>
  <testcase classname="tests.GUIAutomationTest" name="testDoubleClick" time="0.990"/>
  <testcase classname="tests.GUIAutomationTest" name="testDragAndDrop" time="1.031"/>
  <testcase classname="tests.GUIAutomationTest" name="testMobileLabels" time="0.085"/>
  <testcase classname="tests.GUIAutomationTest" name="testLaptopLinks" time="10.600"/>
  <testcase classname="tests.GUIAutomationTest" name="testBrokenLinks" time="4.493"/>
  <testcase classname="tests.GUIAutomationTest" name="testStaticTable" time="0.095"/>
  <testcase classname="tests.GUIAutomationTest" name="testDynamicTable" time="0.211"/>
  <testcase classname="tests.GUIAutomationTest" name="testPaginationTable" time="0.743"/>
  <testcase classname="tests.GUIAutomationTest" name="testFormSections" time="0.545"/>
  <testcase classname="tests.GUIAutomationTest" name="testFooterLinks" time="4.917"/>
  <testcase classname="tests.GUIAutomationTest" name="testShadowDOM" time="0.388"/>
</testsuite> <!-- tests.GUIAutomationTest -->
